2023-05-26 22:38:50,486 =============================================================
2023-05-26 22:38:50,488 =============================================================
2023-05-26 22:38:50,488 Today is 2023-05-26 at 10:38 PM
2023-05-26 22:38:50,488 This file is running on: nt Windows 10
2023-05-26 22:38:50,488 The Python version is: 3.11.3
2023-05-26 22:38:50,489 The active conda environment is:  None
2023-05-26 22:38:50,489 The active pip environment is:    None
2023-05-26 22:38:50,489 The active environment path is:   C:\Program Files\WindowsApps\PythonSoftwareFoundation.Python.3.11_3.11.1008.0_x64__qbz5n2kfra8p0
2023-05-26 22:38:50,490 The current working directory is: C:\Users\Mikayla Rietgraf\datafun-03-datatypes\datafun-03-datatypes
2023-05-26 22:38:50,490 This source file is in:           C:\Users\Mikayla Rietgraf\datafun-03-datatypes\datafun-03-datatypes
2023-05-26 22:38:50,490 =============================================================
2023-05-26 22:38:50,490 =============================================================
2023-05-26 22:38:50,490 Calling functions from main block
2023-05-26 22:38:50,491 tupleA = (1, 2, 3, 4, 5)
2023-05-26 22:38:50,491 tupleB = (4, 5, 6, 7, 8)
2023-05-26 22:38:50,491 tupleA = (1, 2, 3, 4, 5)
2023-05-26 22:38:50,491 tupleB = (4, 5, 6, 7, 8)
2023-05-26 22:38:50,491 tupleCat = (1, 2, 3, 4, 5, 4, 5, 6, 7, 8)
2023-05-26 22:38:50,491 tupleAThrice = (1, 2, 3, 4, 5, 1, 2, 3, 4, 5, 1, 2, 3, 4, 5)
2023-05-26 22:38:50,492 Quotient: 3, Remainder: 1
2023-05-26 22:38:50,492 setA = {1, 2, 3, 4, 5}
2023-05-26 22:38:50,492 setB = {4, 5, 6, 7, 8}
2023-05-26 22:38:50,493 dogA_dict = {'name': 'Rex', 'age': 2, 'weight_kg': 13.4}
2023-05-26 22:38:50,493 dogB_dict = {'name': 'Fido', 'age': 3, 'weight_kg': 15.2}
2023-05-26 22:38:50,494 assessment_dict = {'low': 0, 'medium': 1, 'high': 2}
2023-05-26 22:38:50,494 data_dict = {'name': ['Alice', 'Bob', 'Charlie', 'David'], 'age': [25, 30, 35, 40], 'income': [50000, 60000, 70000, 80000]}
2023-05-26 22:38:50,495 Word count is a good way to begin processing text.
2023-05-26 22:38:50,495 Given text_simple.txt, the word_counts_dict = {'One': 1, 'fish': 3, 'two': 1, 'red': 1, 'blue': 1, 'fish.': 1}
2023-05-26 22:38:50,496 Given text_simple.txt and comprehensions,
2023-05-26 22:38:50,496 the the word_counts_dict2 = {'One': 1, 'fish': 3, 'two': 1, 'red': 1, 'blue': 1, 'fish.': 1}
2023-05-26 22:38:50,497 Add more logging statements to the code to see what happens.
2023-05-26 22:38:50,497 Explore enough to understand.
2023-05-26 22:38:50,497 Apply these skills to your own topic domain.
