2023-05-26 23:45:14,892 =============================================================
2023-05-26 23:45:14,892 =============================================================
2023-05-26 23:45:14,893 Today is 2023-05-26 at 11:45 PM
2023-05-26 23:45:14,893 This file is running on: nt Windows 10
2023-05-26 23:45:14,893 The Python version is: 3.11.3
2023-05-26 23:45:14,894 The active conda environment is:  None
2023-05-26 23:45:14,894 The active pip environment is:    None
2023-05-26 23:45:14,894 The active environment path is:   C:\Program Files\WindowsApps\PythonSoftwareFoundation.Python.3.11_3.11.1008.0_x64__qbz5n2kfra8p0
2023-05-26 23:45:14,894 The current working directory is: C:\Users\Mikayla Rietgraf\datafun-03-datatypes\datafun-03-datatypes
2023-05-26 23:45:14,894 This source file is in:           C:\Users\Mikayla Rietgraf\datafun-03-datatypes\datafun-03-datatypes
2023-05-26 23:45:14,894 =============================================================
2023-05-26 23:45:14,894 =============================================================
2023-05-26 23:45:14,902 mean of list1 = 45.05
2023-05-26 23:45:14,903 median of list1 = 39.00
2023-05-26 23:45:14,903 mode of list1 = 28.00
2023-05-26 23:45:14,904 mean of listy = 23.00
2023-05-26 23:45:14,904 median of listy = 22.50
2023-05-26 23:45:14,904 mode of listy = 1.00
2023-05-26 23:45:14,904 var of list1 = 874.4710526315789
2023-05-26 23:45:14,905 stdev of list1 = 29.57145672150053
2023-05-26 23:45:14,905 lowest of list1 = 4
2023-05-26 23:45:14,905 highest of list1 = 94
2023-05-26 23:45:14,905 var of listy = 233.77777777777777
2023-05-26 23:45:14,906 stdev of listy = 15.289793254906286
2023-05-26 23:45:14,906 lowest of listy = 1
2023-05-26 23:45:14,906 highest of listy = 45
2023-05-26 23:45:14,906 list1 = [28, 36, 93, 53, 67, 23, 17, 42, 47, 6, 70, 81, 57, 24, 92, 10, 94, 32, 4, 25]
2023-05-26 23:45:14,907 Values under 50: [28, 36, 23, 17, 42, 47, 6, 24, 10, 32, 4, 25]
2023-05-26 23:45:14,907 list1 times 3 equals: [84, 108, 279, 159, 201, 69, 51, 126, 141, 18, 210, 243, 171, 72, 276, 30, 282, 96, 12, 75]
2023-05-26 23:45:14,908 list1 squared equals: [784, 1296, 8649, 2809, 4489, 529, 289, 1764, 2209, 36, 4900, 6561, 3249, 576, 8464, 100, 8836, 1024, 16, 625]
